#
# A fatal error has been detected by the Java Runtime Environment:
#
#  SIGSEGV (0xb) at pc=0x000000000000e398, pid=216062, tid=216063
#
# JRE version: OpenJDK Runtime Environment (11.0.7+10) (build 11.0.7+10-b765.64)
# Java VM: OpenJDK 64-Bit Server VM (11.0.7+10-b765.64, mixed mode, tiered, compressed oops, g1 gc, linux-amd64)
# Problematic frame:
# C  0x000000000000e398
#
# Core dump will be written. Default location: Core dumps may be processed with "/usr/share/apport/apport %p %s %c %d %P %E" (or dumping to /var/www/edusoho/core.216062)
#
# If you would like to submit a bug report, please visit:
#   http://bugreport.java.com/bugreport/crash.jsp
#

---------------  S U M M A R Y ------------

Command Line: org.jetbrains.git4idea.nativessh.GitNativeSshAskPassApp Enter passphrase for key '/root/.ssh/id_rsa': 

Host: Intel(R) Core(TM) i5-10210U CPU @ 1.60GHz, 8 cores, 15G, Ubuntu 20.04.1 LTS
Time: Mon Dec 21 15:15:50 2020 CST elapsed time: 0 seconds (0d 0h 0m 0s)

---------------  T H R E A D  ---------------

Current thread (0x00007f9098015000):  JavaThread "main" [_thread_in_Java, id=216063, stack(0x00007f909c3b9000,0x00007f909c4ba000)]

Stack: [0x00007f909c3b9000,0x00007f909c4ba000],  sp=0x00007f909c4b7ab0,  free space=1018k
Native frames: (J=compiled Java code, A=aot compiled Java code, j=interpreted, Vv=VM code, C=native code)
C  0x000000000000e398
j  java.util.zip.ZipFile.getInputStream(Ljava/util/zip/ZipEntry;)Ljava/io/InputStream;+139 java.base@11.0.7
j  java.util.jar.JarFile.getManifestFromReference()Ljava/util/jar/Manifest;+96 java.base@11.0.7
j  java.util.jar.JarFile.getManifest()Ljava/util/jar/Manifest;+1 java.base@11.0.7
j  jdk.internal.loader.URLClassPath$JarLoader$2.getManifest()Ljava/util/jar/Manifest;+22 java.base@11.0.7
j  jdk.internal.loader.BuiltinClassLoader.defineClass(Ljava/lang/String;Ljdk/internal/loader/Resource;)Ljava/lang/Class;+29 java.base@11.0.7
j  jdk.internal.loader.BuiltinClassLoader.findClassOnClassPathOrNull(Ljava/lang/String;)Ljava/lang/Class;+37 java.base@11.0.7
j  jdk.internal.loader.BuiltinClassLoader.loadClassOrNull(Ljava/lang/String;Z)Ljava/lang/Class;+111 java.base@11.0.7
j  jdk.internal.loader.BuiltinClassLoader.loadClass(Ljava/lang/String;Z)Ljava/lang/Class;+3 java.base@11.0.7
j  jdk.internal.loader.ClassLoaders$AppClassLoader.loadClass(Ljava/lang/String;Z)Ljava/lang/Class;+36 java.base@11.0.7
j  java.lang.ClassLoader.loadClass(Ljava/lang/String;)Ljava/lang/Class;+3 java.base@11.0.7
v  ~StubRoutines::call_stub
V  [libjvm.so+0x837461]  Repl4S_evexNode::oper_input_base() const+0x45c961
V  [libjvm.so+0x8356e0]  Repl4S_evexNode::oper_input_base() const+0x45abe0
V  [libjvm.so+0x835873]  JavaCalls::call_virtual(JavaValue*, Handle, Klass*, Symbol*, Symbol*, Handle, Thread*)+0xa3
V  [libjvm.so+0xcce82b]  Repl4S_evexNode::oper_input_base() const+0x8f3d2b
V  [libjvm.so+0xccd742]  SystemDictionary::resolve_instance_class_or_null(Symbol*, Handle, Handle, Thread*)+0x962
V  [libjvm.so+0xccfc66]  SystemDictionary::resolve_or_fail(Symbol*, Handle, Handle, bool, Thread*)+0x56
V  [libjvm.so+0x8db81e]  find_class_from_class_loader(JNIEnv_*, Symbol*, unsigned char, Handle, Handle, unsigned char, Thread*)+0x2e
V  [libjvm.so+0x8dd0b2]  JVM_FindClassFromCaller+0x162
C  [libjava.so+0xe531]  Java_java_lang_Class_forName0+0xd1
j  java.lang.Class.forName0(Ljava/lang/String;ZLjava/lang/ClassLoader;Ljava/lang/Class;)Ljava/lang/Class;+0 java.base@11.0.7
j  java.lang.Class.forName(Ljava/lang/String;ZLjava/lang/ClassLoader;)Ljava/lang/Class;+43 java.base@11.0.7
j  sun.launcher.LauncherHelper.loadMainClass(ILjava/lang/String;)Ljava/lang/Class;+93 java.base@11.0.7
j  sun.launcher.LauncherHelper.checkAndLoadMain(ZILjava/lang/String;)Ljava/lang/Class;+42 java.base@11.0.7
v  ~StubRoutines::call_stub
V  [libjvm.so+0x837461]  Repl4S_evexNode::oper_input_base() const+0x45c961
V  [libjvm.so+0x8aaf2c]  jni_invoke_static(JNIEnv_*, JavaValue*, _jobject*, JNICallType, _jmethodID*, JNI_ArgumentPusher*, Thread*) [clone .isra.77] [clone .constprop.259]+0x1dc
V  [libjvm.so+0x8ab99b]  jni_CallStaticObjectMethod+0x15b
C  [libjli.so+0x40a9]  JavaMain+0x589


siginfo: si_signo: 11 (SIGSEGV), si_code: 1 (SEGV_MAPERR), si_addr: 0x000000000000e398

Register to memory mapping:

RAX=0x0 is NULL
RBX=0x00007f906e9b8a28 points into unknown readable memory: 00 00 00 00 00 00 00 00
RCX=0x00007f906f9db190 is pointing into metadata
RDX=0x00007f90848df790 is at code_begin+1040 in an Interpreter codelet
invoke return entry points  [0x00007f90848df380, 0x00007f90848dfd80]  2560 bytes
RSP=0x00007f909c4b7ab0 is pointing into the stack for thread: 0x00007f9098015000
RBP=0x00007f909c4b7b18 is pointing into the stack for thread: 0x00007f9098015000
RSI=0x00007f909c4b7a70 is pointing into the stack for thread: 0x00007f9098015000
RDI=0x0000000000000010 is an unknown value
R8 =0x0 is NULL
R9 =0x0000000000000014 is an unknown value
R10=0x00007f909d96ee00: <offset 0x0000000001365e00> in /opt/phpstorm/jbr/lib/server/libjvm.so at 0x00007f909c609000
R11=0x00007f908c39ef40 is at entry_point+32 in (nmethod*)0x00007f908c39ed90
R12=0x0 is NULL
R13=0x00007f909c4b7ab8 is pointing into the stack for thread: 0x00007f9098015000
R14=0x00007f909c4b7b40 is pointing into the stack for thread: 0x00007f9098015000
R15=0x00007f9098015000 is a thread


Registers:
RAX=0x0000000000000000, RBX=0x00007f906e9b8a28, RCX=0x00007f906f9db190, RDX=0x00007f90848df790
RSP=0x00007f909c4b7ab0, RBP=0x00007f909c4b7b18, RSI=0x00007f909c4b7a70, RDI=0x0000000000000010
R8 =0x0000000000000000, R9 =0x0000000000000014, R10=0x00007f909d96ee00, R11=0x00007f908c39ef40
R12=0x0000000000000000, R13=0x00007f909c4b7ab8, R14=0x00007f909c4b7b40, R15=0x00007f9098015000
RIP=0x000000000000e398, EFLAGS=0x0000000000010246, CSGSFS=0x002b000000000033, ERR=0x0000000000000014
  TRAPNO=0x000000000000000e

Top of Stack: (sp=0x00007f909c4b7ab0)
0x00007f909c4b7ab0:   00007f90848df790 000000000000003b
0x00007f909c4b7ac0:   000000071922b8a0 000000071922e338
0x00007f909c4b7ad0:   00007f909c4b7ad0 00007f906f9da79c
0x00007f909c4b7ae0:   00007f909c4b7b40 00007f906f9db190 

Instructions: (pc=0x000000000000e398)
0x000000000000e298:   ?? ?? ?? ?? ?? ?? ?? ?? ?? ?? ?? ?? ?? ?? ?? ??
0x000000000000e2a8:   ?? ?? ?? ?? ?? ?? ?? ?? ?? ?? ?? ?? ?? ?? ?? ??
0x000000000000e2b8:   ?? ?? ?? ?? ?? ?? ?? ?? ?? ?? ?? ?? ?? ?? ?? ??
0x000000000000e2c8:   ?? ?? ?? ?? ?? ?? ?? ?? ?? ?? ?? ?? ?? ?? ?? ??
0x000000000000e2d8:   ?? ?? ?? ?? ?? ?? ?? ?? ?? ?? ?? ?? ?? ?? ?? ??
0x000000000000e2e8:   ?? ?? ?? ?? ?? ?? ?? ?? ?? ?? ?? ?? ?? ?? ?? ??
0x000000000000e2f8:   ?? ?? ?? ?? ?? ?? ?? ?? ?? ?? ?? ?? ?? ?? ?? ??
0x000000000000e308:   ?? ?? ?? ?? ?? ?? ?? ?? ?? ?? ?? ?? ?? ?? ?? ??
0x000000000000e318:   ?? ?? ?? ?? ?? ?? ?? ?? ?? ?? ?? ?? ?? ?? ?? ??
0x000000000000e328:   ?? ?? ?? ?? ?? ?? ?? ?? ?? ?? ?? ?? ?? ?? ?? ??
0x000000000000e338:   ?? ?? ?? ?? ?? ?? ?? ?? ?? ?? ?? ?? ?? ?? ?? ??
0x000000000000e348:   ?? ?? ?? ?? ?? ?? ?? ?? ?? ?? ?? ?? ?? ?? ?? ??
0x000000000000e358:   ?? ?? ?? ?? ?? ?? ?? ?? ?? ?? ?? ?? ?? ?? ?? ??
0x000000000000e368:   ?? ?? ?? ?? ?? ?? ?? ?? ?? ?? ?? ?? ?? ?? ?? ??
0x000000000000e378:   ?? ?? ?? ?? ?? ?? ?? ?? ?? ?? ?? ?? ?? ?? ?? ??
0x000000000000e388:   ?? ?? ?? ?? ?? ?? ?? ?? ?? ?? ?? ?? ?? ?? ?? ??
0x000000000000e398:   ?? ?? ?? ?? ?? ?? ?? ?? ?? ?? ?? ?? ?? ?? ?? ??
0x000000000000e3a8:   ?? ?? ?? ?? ?? ?? ?? ?? ?? ?? ?? ?? ?? ?? ?? ??
0x000000000000e3b8:   ?? ?? ?? ?? ?? ?? ?? ?? ?? ?? ?? ?? ?? ?? ?? ??
0x000000000000e3c8:   ?? ?? ?? ?? ?? ?? ?? ?? ?? ?? ?? ?? ?? ?? ?? ??
0x000000000000e3d8:   ?? ?? ?? ?? ?? ?? ?? ?? ?? ?? ?? ?? ?? ?? ?? ??
0x000000000000e3e8:   ?? ?? ?? ?? ?? ?? ?? ?? ?? ?? ?? ?? ?? ?? ?? ??
0x000000000000e3f8:   ?? ?? ?? ?? ?? ?? ?? ?? ?? ?? ?? ?? ?? ?? ?? ??
0x000000000000e408:   ?? ?? ?? ?? ?? ?? ?? ?? ?? ?? ?? ?? ?? ?? ?? ??
0x000000000000e418:   ?? ?? ?? ?? ?? ?? ?? ?? ?? ?? ?? ?? ?? ?? ?? ??
0x000000000000e428:   ?? ?? ?? ?? ?? ?? ?? ?? ?? ?? ?? ?? ?? ?? ?? ??
0x000000000000e438:   ?? ?? ?? ?? ?? ?? ?? ?? ?? ?? ?? ?? ?? ?? ?? ??
0x000000000000e448:   ?? ?? ?? ?? ?? ?? ?? ?? ?? ?? ?? ?? ?? ?? ?? ??
0x000000000000e458:   ?? ?? ?? ?? ?? ?? ?? ?? ?? ?? ?? ?? ?? ?? ?? ??
0x000000000000e468:   ?? ?? ?? ?? ?? ?? ?? ?? ?? ?? ?? ?? ?? ?? ?? ??
0x000000000000e478:   ?? ?? ?? ?? ?? ?? ?? ?? ?? ?? ?? ?? ?? ?? ?? ??
0x000000000000e488:   ?? ?? ?? ?? ?? ?? ?? ?? ?? ?? ?? ?? ?? ?? ?? ?? 


Stack slot to memory mapping:
stack at sp + 0 slots: 0x00007f90848df790 is at code_begin+1040 in an Interpreter codelet
invoke return entry points  [0x00007f90848df380, 0x00007f90848dfd80]  2560 bytes
stack at sp + 1 slots: 0x000000000000003b is an unknown value
stack at sp + 2 slots: 0x000000071922b8a0 is an oop: [B 
{0x000000071922b8a0} - klass: {type array byte}
 - length: 2660
stack at sp + 3 slots: 0x000000071922e338 is an oop: java.util.zip.ZipFile$ZipFileInputStream 
{0x000000071922e338} - klass: 'java/util/zip/ZipFile$ZipFileInputStream'
stack at sp + 4 slots: 0x00007f909c4b7ad0 is pointing into the stack for thread: 0x00007f9098015000
stack at sp + 5 slots: 0x00007f906f9da79c is pointing into metadata
stack at sp + 6 slots: 0x00007f909c4b7b40 is pointing into the stack for thread: 0x00007f9098015000
stack at sp + 7 slots: 0x00007f906f9db190 is pointing into metadata


---------------  P R O C E S S  ---------------

Threads class SMR info:
_java_thread_list=0x00007f90982c2000, length=9, elements={
0x00007f9098015000, 0x00007f909820d000, 0x00007f9098211000, 0x00007f9098226000,
0x00007f9098228000, 0x00007f909822a000, 0x00007f909822c000, 0x00007f90982af000,
0x00007f90982c0800
}

Java Threads: ( => current thread )
=>0x00007f9098015000 JavaThread "main" [_thread_in_Java, id=216063, stack(0x00007f909c3b9000,0x00007f909c4ba000)]
  0x00007f909820d000 JavaThread "Reference Handler" daemon [_thread_blocked, id=216078, stack(0x00007f906f3f9000,0x00007f906f4fa000)]
  0x00007f9098211000 JavaThread "Finalizer" daemon [_thread_blocked, id=216079, stack(0x00007f906f2f8000,0x00007f906f3f9000)]
  0x00007f9098226000 JavaThread "Signal Dispatcher" daemon [_thread_blocked, id=216080, stack(0x00007f906e417000,0x00007f906e518000)]
  0x00007f9098228000 JavaThread "C2 CompilerThread0" daemon [_thread_blocked, id=216081, stack(0x00007f906e316000,0x00007f906e417000)]
  0x00007f909822a000 JavaThread "C1 CompilerThread0" daemon [_thread_blocked, id=216082, stack(0x00007f906e215000,0x00007f906e316000)]
  0x00007f909822c000 JavaThread "Sweeper thread" daemon [_thread_blocked, id=216083, stack(0x00007f906e114000,0x00007f906e215000)]
  0x00007f90982af000 JavaThread "Service Thread" daemon [_thread_blocked, id=216090, stack(0x00007f906e013000,0x00007f906e114000)]
  0x00007f90982c0800 JavaThread "Common-Cleaner" daemon [_thread_blocked, id=216092, stack(0x00007f906de10000,0x00007f906df11000)]

Other Threads:
  0x00007f9098204800 VMThread "VM Thread" [stack: 0x00007f906f4fc000,0x00007f906f5fc000] [id=216077]
  0x00007f90982b1000 WatcherThread [stack: 0x00007f906df13000,0x00007f906e013000] [id=216091]
  0x00007f909803f000 GCTaskThread "GC Thread#0" [stack: 0x00007f90846eb000,0x00007f90847eb000] [id=216065]
  0x00007f909809c000 ConcurrentGCThread "G1 Main Marker" [stack: 0x00007f90769ca000,0x00007f9076aca000] [id=216067]
  0x00007f909809e000 ConcurrentGCThread "G1 Conc#0" [stack: 0x00007f90768c8000,0x00007f90769c8000] [id=216068]
  0x00007f909819c000 ConcurrentGCThread "G1 Refine#0" [stack: 0x00007f906ff00000,0x00007f9070000000] [id=216071]
  0x00007f909819d800 ConcurrentGCThread "G1 Young RemSet Sampling" [stack: 0x00007f906fdfe000,0x00007f906fefe000] [id=216072]

Threads with active compile tasks:

VM state:not at safepoint (normal execution)

VM Mutex/Monitor currently owned by a thread: None

Heap address: 0x0000000709c00000, size: 3940 MB, Compressed Oops mode: Zero based, Oop shift amount: 3
Narrow klass base: 0x0000000800000000, Narrow klass shift: 0
Compressed class space size: 1073741824 Address: 0x0000000800000000

Heap:
 garbage-first heap   total 253952K, used 1024K [0x0000000709c00000, 0x0000000800000000)
  region size 1024K, 2 young (2048K), 0 survivors (0K)
 Metaspace       used 4359K, capacity 4480K, committed 4480K, reserved 1056768K
  class space    used 379K, capacity 384K, committed 384K, reserved 1048576K
Heap Regions: E=young(eden), S=young(survivor), O=old, HS=humongous(starts), HC=humongous(continues), CS=collection set, F=free, A=archive, TAMS=top-at-mark-start (previous, next)
|   0|0x0000000709c00000, 0x0000000709c00000, 0x0000000709d00000|  0%| F|  |TAMS 0x0000000709c00000, 0x0000000709c00000| Untracked 
|   1|0x0000000709d00000, 0x0000000709d00000, 0x0000000709e00000|  0%| F|  |TAMS 0x0000000709d00000, 0x0000000709d00000| Untracked 
|   2|0x0000000709e00000, 0x0000000709e00000, 0x0000000709f00000|  0%| F|  |TAMS 0x0000000709e00000, 0x0000000709e00000| Untracked 
|   3|0x0000000709f00000, 0x0000000709f00000, 0x000000070a000000|  0%| F|  |TAMS 0x0000000709f00000, 0x0000000709f00000| Untracked 
|   4|0x000000070a000000, 0x000000070a000000, 0x000000070a100000|  0%| F|  |TAMS 0x000000070a000000, 0x000000070a000000| Untracked 
|   5|0x000000070a100000, 0x000000070a100000, 0x000000070a200000|  0%| F|  |TAMS 0x000000070a100000, 0x000000070a100000| Untracked 
|   6|0x000000070a200000, 0x000000070a200000, 0x000000070a300000|  0%| F|  |TAMS 0x000000070a200000, 0x000000070a200000| Untracked 
|   7|0x000000070a300000, 0x000000070a300000, 0x000000070a400000|  0%| F|  |TAMS 0x000000070a300000, 0x000000070a300000| Untracked 
|   8|0x000000070a400000, 0x000000070a400000, 0x000000070a500000|  0%| F|  |TAMS 0x000000070a400000, 0x000000070a400000| Untracked 
|   9|0x000000070a500000, 0x000000070a500000, 0x000000070a600000|  0%| F|  |TAMS 0x000000070a500000, 0x000000070a500000| Untracked 
|  10|0x000000070a600000, 0x000000070a600000, 0x000000070a700000|  0%| F|  |TAMS 0x000000070a600000, 0x000000070a600000| Untracked 
|  11|0x000000070a700000, 0x000000070a700000, 0x000000070a800000|  0%| F|  |TAMS 0x000000070a700000, 0x000000070a700000| Untracked 
|  12|0x000000070a800000, 0x000000070a800000, 0x000000070a900000|  0%| F|  |TAMS 0x000000070a800000, 0x000000070a800000| Untracked 
|  13|0x000000070a900000, 0x000000070a900000, 0x000000070aa00000|  0%| F|  |TAMS 0x000000070a900000, 0x000000070a900000| Untracked 
|  14|0x000000070aa00000, 0x000000070aa00000, 0x000000070ab00000|  0%| F|  |TAMS 0x000000070aa00000, 0x000000070aa00000| Untracked 
|  15|0x000000070ab00000, 0x000000070ab00000, 0x000000070ac00000|  0%| F|  |TAMS 0x000000070ab00000, 0x000000070ab00000| Untracked 
|  16|0x000000070ac00000, 0x000000070ac00000, 0x000000070ad00000|  0%| F|  |TAMS 0x000000070ac00000, 0x000000070ac00000| Untracked 
|  17|0x000000070ad00000, 0x000000070ad00000, 0x000000070ae00000|  0%| F|  |TAMS 0x000000070ad00000, 0x000000070ad00000| Untracked 
|  18|0x000000070ae00000, 0x000000070ae00000, 0x000000070af00000|  0%| F|  |TAMS 0x000000070ae00000, 0x000000070ae00000| Untracked 
|  19|0x000000070af00000, 0x000000070af00000, 0x000000070b000000|  0%| F|  |TAMS 0x000000070af00000, 0x000000070af00000| Untracked 
|  20|0x000000070b000000, 0x000000070b000000, 0x000000070b100000|  0%| F|  |TAMS 0x000000070b000000, 0x000000070b000000| Untracked 
|  21|0x000000070b100000, 0x000000070b100000, 0x000000070b200000|  0%| F|  |TAMS 0x000000070b100000, 0x000000070b100000| Untracked 
|  22|0x000000070b200000, 0x000000070b200000, 0x000000070b300000|  0%| F|  |TAMS 0x000000070b200000, 0x000000070b200000| Untracked 
|  23|0x000000070b300000, 0x000000070b300000, 0x000000070b400000|  0%| F|  |TAMS 0x000000070b300000, 0x000000070b300000| Untracked 
|  24|0x000000070b400000, 0x000000070b400000, 0x000000070b500000|  0%| F|  |TAMS 0x000000070b400000, 0x000000070b400000| Untracked 
|  25|0x000000070b500000, 0x000000070b500000, 0x000000070b600000|  0%| F|  |TAMS 0x000000070b500000, 0x000000070b500000| Untracked 
|  26|0x000000070b600000, 0x000000070b600000, 0x000000070b700000|  0%| F|  |TAMS 0x000000070b600000, 0x000000070b600000| Untracked 
|  27|0x000000070b700000, 0x000000070b700000, 0x000000070b800000|  0%| F|  |TAMS 0x000000070b700000, 0x000000070b700000| Untracked 
|  28|0x000000070b800000, 0x000000070b800000, 0x000000070b900000|  0%| F|  |TAMS 0x000000070b800000, 0x000000070b800000| Untracked 
|  29|0x000000070b900000, 0x000000070b900000, 0x000000070ba00000|  0%| F|  |TAMS 0x000000070b900000, 0x000000070b900000| Untracked 
|  30|0x000000070ba00000, 0x000000070ba00000, 0x000000070bb00000|  0%| F|  |TAMS 0x000000070ba00000, 0x000000070ba00000| Untracked 
|  31|0x000000070bb00000, 0x000000070bb00000, 0x000000070bc00000|  0%| F|  |TAMS 0x000000070bb00000, 0x000000070bb00000| Untracked 
|  32|0x000000070bc00000, 0x000000070bc00000, 0x000000070bd00000|  0%| F|  |TAMS 0x000000070bc00000, 0x000000070bc00000| Untracked 
|  33|0x000000070bd00000, 0x000000070bd00000, 0x000000070be00000|  0%| F|  |TAMS 0x000000070bd00000, 0x000000070bd00000| Untracked 
|  34|0x000000070be00000, 0x000000070be00000, 0x000000070bf00000|  0%| F|  |TAMS 0x000000070be00000, 0x000000070be00000| Untracked 
|  35|0x000000070bf00000, 0x000000070bf00000, 0x000000070c000000|  0%| F|  |TAMS 0x000000070bf00000, 0x000000070bf00000| Untracked 
|  36|0x000000070c000000, 0x000000070c000000, 0x000000070c100000|  0%| F|  |TAMS 0x000000070c000000, 0x000000070c000000| Untracked 
|  37|0x000000070c100000, 0x000000070c100000, 0x000000070c200000|  0%| F|  |TAMS 0x000000070c100000, 0x000000070c100000| Untracked 
|  38|0x000000070c200000, 0x000000070c200000, 0x000000070c300000|  0%| F|  |TAMS 0x000000070c200000, 0x000000070c200000| Untracked 
|  39|0x000000070c300000, 0x000000070c300000, 0x000000070c400000|  0%| F|  |TAMS 0x000000070c300000, 0x000000070c300000| Untracked 
|  40|0x000000070c400000, 0x000000070c400000, 0x000000070c500000|  0%| F|  |TAMS 0x000000070c400000, 0x000000070c400000| Untracked 
|  41|0x000000070c500000, 0x000000070c500000, 0x000000070c600000|  0%| F|  |TAMS 0x000000070c500000, 0x000000070c500000| Untracked 
|  42|0x000000070c600000, 0x000000070c600000, 0x000000070c700000|  0%| F|  |TAMS 0x000000070c600000, 0x000000070c600000| Untracked 
|  43|0x000000070c700000, 0x000000070c700000, 0x000000070c800000|  0%| F|  |TAMS 0x000000070c700000, 0x000000070c700000| Untracked 
|  44|0x000000070c800000, 0x000000070c800000, 0x000000070c900000|  0%| F|  |TAMS 0x000000070c800000, 0x000000070c800000| Untracked 
|  45|0x000000070c900000, 0x000000070c900000, 0x000000070ca00000|  0%| F|  |TAMS 0x000000070c900000, 0x000000070c900000| Untracked 
|  46|0x000000070ca00000, 0x000000070ca00000, 0x000000070cb00000|  0%| F|  |TAMS 0x000000070ca00000, 0x000000070ca00000| Untracked 
|  47|0x000000070cb00000, 0x000000070cb00000, 0x000000070cc00000|  0%| F|  |TAMS 0x000000070cb00000, 0x000000070cb00000| Untracked 
|  48|0x000000070cc00000, 0x000000070cc00000, 0x000000070cd00000|  0%| F|  |TAMS 0x000000070cc00000, 0x000000070cc00000| Untracked 
|  49|0x000000070cd00000, 0x000000070cd00000, 0x000000070ce00000|  0%| F|  |TAMS 0x000000070cd00000, 0x000000070cd00000| Untracked 
|  50|0x000000070ce00000, 0x000000070ce00000, 0x000000070cf00000|  0%| F|  |TAMS 0x000000070ce00000, 0x000000070ce00000| Untracked 
|  51|0x000000070cf00000, 0x000000070cf00000, 0x000000070d000000|  0%| F|  |TAMS 0x000000070cf00000, 0x000000070cf00000| Untracked 
|  52|0x000000070d000000, 0x000000070d000000, 0x000000070d100000|  0%| F|  |TAMS 0x000000070d000000, 0x000000070d000000| Untracked 
|  53|0x000000070d100000, 0x000000070d100000, 0x000000070d200000|  0%| F|  |TAMS 0x000000070d100000, 0x000000070d100000| Untracked 
|  54|0x000000070d200000, 0x000000070d200000, 0x000000070d300000|  0%| F|  |TAMS 0x000000070d200000, 0x000000070d200000| Untracked 
|  55|0x000000070d300000, 0x000000070d300000, 0x000000070d400000|  0%| F|  |TAMS 0x000000070d300000, 0x000000070d300000| Untracked 
|  56|0x000000070d400000, 0x000000070d400000, 0x000000070d500000|  0%| F|  |TAMS 0x000000070d400000, 0x000000070d400000| Untracked 
|  57|0x000000070d500000, 0x000000070d500000, 0x000000070d600000|  0%| F|  |TAMS 0x000000070d500000, 0x000000070d500000| Untracked 
|  58|0x000000070d600000, 0x000000070d600000, 0x000000070d700000|  0%| F|  |TAMS 0x000000070d600000, 0x000000070d600000| Untracked 
|  59|0x000000070d700000, 0x000000070d700000, 0x000000070d800000|  0%| F|  |TAMS 0x000000070d700000, 0x000000070d700000| Untracked 
|  60|0x000000070d800000, 0x000000070d800000, 0x000000070d900000|  0%| F|  |TAMS 0x000000070d800000, 0x000000070d800000| Untracked 
|  61|0x000000070d900000, 0x000000070d900000, 0x000000070da00000|  0%| F|  |TAMS 0x000000070d900000, 0x000000070d900000| Untracked 
|  62|0x000000070da00000, 0x000000070da00000, 0x000000070db00000|  0%| F|  |TAMS 0x000000070da00000, 0x000000070da00000| Untracked 
|  63|0x000000070db00000, 0x000000070db00000, 0x000000070dc00000|  0%| F|  |TAMS 0x000000070db00000, 0x000000070db00000| Untracked 
|  64|0x000000070dc00000, 0x000000070dc00000, 0x000000070dd00000|  0%| F|  |TAMS 0x000000070dc00000, 0x000000070dc00000| Untracked 
|  65|0x000000070dd00000, 0x000000070dd00000, 0x000000070de00000|  0%| F|  |TAMS 0x000000070dd00000, 0x000000070dd00000| Untracked 
|  66|0x000000070de00000, 0x000000070de00000, 0x000000070df00000|  0%| F|  |TAMS 0x000000070de00000, 0x000000070de00000| Untracked 
|  67|0x000000070df00000, 0x000000070df00000, 0x000000070e000000|  0%| F|  |TAMS 0x000000070df00000, 0x000000070df00000| Untracked 
|  68|0x000000070e000000, 0x000000070e000000, 0x000000070e100000|  0%| F|  |TAMS 0x000000070e000000, 0x000000070e000000| Untracked 
|  69|0x000000070e100000, 0x000000070e100000, 0x000000070e200000|  0%| F|  |TAMS 0x000000070e100000, 0x000000070e100000| Untracked 
|  70|0x000000070e200000, 0x000000070e200000, 0x000000070e300000|  0%| F|  |TAMS 0x000000070e200000, 0x000000070e200000| Untracked 
|  71|0x000000070e300000, 0x000000070e300000, 0x000000070e400000|  0%| F|  |TAMS 0x000000070e300000, 0x000000070e300000| Untracked 
|  72|0x000000070e400000, 0x000000070e400000, 0x000000070e500000|  0%| F|  |TAMS 0x000000070e400000, 0x000000070e400000| Untracked 
|  73|0x000000070e500000, 0x000000070e500000, 0x000000070e600000|  0%| F|  |TAMS 0x000000070e500000, 0x000000070e500000| Untracked 
|  74|0x000000070e600000, 0x000000070e600000, 0x000000070e700000|  0%| F|  |TAMS 0x000000070e600000, 0x000000070e600000| Untracked 
|  75|0x000000070e700000, 0x000000070e700000, 0x000000070e800000|  0%| F|  |TAMS 0x000000070e700000, 0x000000070e700000| Untracked 
|  76|0x000000070e800000, 0x000000070e800000, 0x000000070e900000|  0%| F|  |TAMS 0x000000070e800000, 0x000000070e800000| Untracked 
|  77|0x000000070e900000, 0x000000070e900000, 0x000000070ea00000|  0%| F|  |TAMS 0x000000070e900000, 0x000000070e900000| Untracked 
|  78|0x000000070ea00000, 0x000000070ea00000, 0x000000070eb00000|  0%| F|  |TAMS 0x000000070ea00000, 0x000000070ea00000| Untracked 
|  79|0x000000070eb00000, 0x000000070eb00000, 0x000000070ec00000|  0%| F|  |TAMS 0x000000070eb00000, 0x000000070eb00000| Untracked 
|  80|0x000000070ec00000, 0x000000070ec00000, 0x000000070ed00000|  0%| F|  |TAMS 0x000000070ec00000, 0x000000070ec00000| Untracked 
|  81|0x000000070ed00000, 0x000000070ed00000, 0x000000070ee00000|  0%| F|  |TAMS 0x000000070ed00000, 0x000000070ed00000| Untracked 
|  82|0x000000070ee00000, 0x000000070ee00000, 0x000000070ef00000|  0%| F|  |TAMS 0x000000070ee00000, 0x000000070ee00000| Untracked 
|  83|0x000000070ef00000, 0x000000070ef00000, 0x000000070f000000|  0%| F|  |TAMS 0x000000070ef00000, 0x000000070ef00000| Untracked 
|  84|0x000000070f000000, 0x000000070f000000, 0x000000070f100000|  0%| F|  |TAMS 0x000000070f000000, 0x000000070f000000| Untracked 
|  85|0x000000070f100000, 0x000000070f100000, 0x000000070f200000|  0%| F|  |TAMS 0x000000070f100000, 0x000000070f100000| Untracked 
|  86|0x000000070f200000, 0x000000070f200000, 0x000000070f300000|  0%| F|  |TAMS 0x000000070f200000, 0x000000070f200000| Untracked 
|  87|0x000000070f300000, 0x000000070f300000, 0x000000070f400000|  0%| F|  |TAMS 0x000000070f300000, 0x000000070f300000| Untracked 
|  88|0x000000070f400000, 0x000000070f400000, 0x000000070f500000|  0%| F|  |TAMS 0x000000070f400000, 0x000000070f400000| Untracked 
|  89|0x000000070f500000, 0x000000070f500000, 0x000000070f600000|  0%| F|  |TAMS 0x000000070f500000, 0x000000070f500000| Untracked 
|  90|0x000000070f600000, 0x000000070f600000, 0x000000070f700000|  0%| F|  |TAMS 0x000000070f600000, 0x000000070f600000| Untracked 
|  91|0x000000070f700000, 0x000000070f700000, 0x000000070f800000|  0%| F|  |TAMS 0x000000070f700000, 0x000000070f700000| Untracked 
|  92|0x000000070f800000, 0x000000070f800000, 0x000000070f900000|  0%| F|  |TAMS 0x000000070f800000, 0x000000070f800000| Untracked 
|  93|0x000000070f900000, 0x000000070f900000, 0x000000070fa00000|  0%| F|  |TAMS 0x000000070f900000, 0x000000070f900000| Untracked 
|  94|0x000000070fa00000, 0x000000070fa00000, 0x000000070fb00000|  0%| F|  |TAMS 0x000000070fa00000, 0x000000070fa00000| Untracked 
|  95|0x000000070fb00000, 0x000000070fb00000, 0x000000070fc00000|  0%| F|  |TAMS 0x000000070fb00000, 0x000000070fb00000| Untracked 
|  96|0x000000070fc00000, 0x000000070fc00000, 0x000000070fd00000|  0%| F|  |TAMS 0x000000070fc00000, 0x000000070fc00000| Untracked 
|  97|0x000000070fd00000, 0x000000070fd00000, 0x000000070fe00000|  0%| F|  |TAMS 0x000000070fd00000, 0x000000070fd00000| Untracked 
|  98|0x000000070fe00000, 0x000000070fe00000, 0x000000070ff00000|  0%| F|  |TAMS 0x000000070fe00000, 0x000000070fe00000| Untracked 
|  99|0x000000070ff00000, 0x000000070ff00000, 0x0000000710000000|  0%| F|  |TAMS 0x000000070ff00000, 0x000000070ff00000| Untracked 
| 100|0x0000000710000000, 0x0000000710000000, 0x0000000710100000|  0%| F|  |TAMS 0x0000000710000000, 0x0000000710000000| Untracked 
| 101|0x0000000710100000, 0x0000000710100000, 0x0000000710200000|  0%| F|  |TAMS 0x0000000710100000, 0x0000000710100000| Untracked 
| 102|0x0000000710200000, 0x0000000710200000, 0x0000000710300000|  0%| F|  |TAMS 0x0000000710200000, 0x0000000710200000| Untracked 
| 103|0x0000000710300000, 0x0000000710300000, 0x0000000710400000|  0%| F|  |TAMS 0x0000000710300000, 0x0000000710300000| Untracked 
| 104|0x0000000710400000, 0x0000000710400000, 0x0000000710500000|  0%| F|  |TAMS 0x0000000710400000, 0x0000000710400000| Untracked 
| 105|0x0000000710500000, 0x0000000710500000, 0x0000000710600000|  0%| F|  |TAMS 0x0000000710500000, 0x0000000710500000| Untracked 
| 106|0x0000000710600000, 0x0000000710600000, 0x0000000710700000|  0%| F|  |TAMS 0x0000000710600000, 0x0000000710600000| Untracked 
| 107|0x0000000710700000, 0x0000000710700000, 0x0000000710800000|  0%| F|  |TAMS 0x0000000710700000, 0x0000000710700000| Untracked 
| 108|0x0000000710800000, 0x0000000710800000, 0x0000000710900000|  0%| F|  |TAMS 0x0000000710800000, 0x0000000710800000| Untracked 
| 109|0x0000000710900000, 0x0000000710900000, 0x0000000710a00000|  0%| F|  |TAMS 0x0000000710900000, 0x0000000710900000| Untracked 
| 110|0x0000000710a00000, 0x0000000710a00000, 0x0000000710b00000|  0%| F|  |TAMS 0x0000000710a00000, 0x0000000710a00000| Untracked 
| 111|0x0000000710b00000, 0x0000000710b00000, 0x0000000710c00000|  0%| F|  |TAMS 0x0000000710b00000, 0x0000000710b00000| Untracked 
| 112|0x0000000710c00000, 0x0000000710c00000, 0x0000000710d00000|  0%| F|  |TAMS 0x0000000710c00000, 0x0000000710c00000| Untracked 
| 113|0x0000000710d00000, 0x0000000710d00000, 0x0000000710e00000|  0%| F|  |TAMS 0x0000000710d00000, 0x0000000710d00000| Untracked 
| 114|0x0000000710e00000, 0x0000000710e00000, 0x0000000710f00000|  0%| F|  |TAMS 0x0000000710e00000, 0x0000000710e00000| Untracked 
| 115|0x0000000710f00000, 0x0000000710f00000, 0x0000000711000000|  0%| F|  |TAMS 0x0000000710f00000, 0x0000000710f00000| Untracked 
| 116|0x0000000711000000, 0x0000000711000000, 0x0000000711100000|  0%| F|  |TAMS 0x0000000711000000, 0x0000000711000000| Untracked 
| 117|0x0000000711100000, 0x0000000711100000, 0x0000000711200000|  0%| F|  |TAMS 0x0000000711100000, 0x0000000711100000| Untracked 
| 118|0x0000000711200000, 0x0000000711200000, 0x0000000711300000|  0%| F|  |TAMS 0x0000000711200000, 0x0000000711200000| Untracked 
| 119|0x0000000711300000, 0x0000000711300000, 0x0000000711400000|  0%| F|  |TAMS 0x0000000711300000, 0x0000000711300000| Untracked 
| 120|0x0000000711400000, 0x0000000711400000, 0x0000000711500000|  0%| F|  |TAMS 0x0000000711400000, 0x0000000711400000| Untracked 
| 121|0x0000000711500000, 0x0000000711500000, 0x0000000711600000|  0%| F|  |TAMS 0x0000000711500000, 0x0000000711500000| Untracked 
| 122|0x0000000711600000, 0x0000000711600000, 0x0000000711700000|  0%| F|  |TAMS 0x0000000711600000, 0x0000000711600000| Untracked 
| 123|0x0000000711700000, 0x0000000711700000, 0x0000000711800000|  0%| F|  |TAMS 0x0000000711700000, 0x0000000711700000| Untracked 
| 124|0x0000000711800000, 0x0000000711800000, 0x0000000711900000|  0%| F|  |TAMS 0x0000000711800000, 0x0000000711800000| Untracked 
| 125|0x0000000711900000, 0x0000000711900000, 0x0000000711a00000|  0%| F|  |TAMS 0x0000000711900000, 0x0000000711900000| Untracked 
| 126|0x0000000711a00000, 0x0000000711a00000, 0x0000000711b00000|  0%| F|  |TAMS 0x0000000711a00000, 0x0000000711a00000| Untracked 
| 127|0x0000000711b00000, 0x0000000711b00000, 0x0000000711c00000|  0%| F|  |TAMS 0x0000000711b00000, 0x0000000711b00000| Untracked 
| 128|0x0000000711c00000, 0x0000000711c00000, 0x0000000711d00000|  0%| F|  |TAMS 0x0000000711c00000, 0x0000000711c00000| Untracked 
| 129|0x0000000711d00000, 0x0000000711d00000, 0x0000000711e00000|  0%| F|  |TAMS 0x0000000711d00000, 0x0000000711d00000| Untracked 
| 130|0x0000000711e00000, 0x0000000711e00000, 0x0000000711f00000|  0%| F|  |TAMS 0x0000000711e00000, 0x0000000711e00000| Untracked 
| 131|0x0000000711f00000, 0x0000000711f00000, 0x0000000712000000|  0%| F|  |TAMS 0x0000000711f00000, 0x0000000711f00000| Untracked 
| 132|0x0000000712000000, 0x0000000712000000, 0x0000000712100000|  0%| F|  |TAMS 0x0000000712000000, 0x0000000712000000| Untracked 
| 133|0x0000000712100000, 0x0000000712100000, 0x0000000712200000|  0%| F|  |TAMS 0x0000000712100000, 0x0000000712100000| Untracked 
| 134|0x0000000712200000, 0x0000000712200000, 0x0000000712300000|  0%| F|  |TAMS 0x0000000712200000, 0x0000000712200000| Untracked 
| 135|0x0000000712300000, 0x0000000712300000, 0x0000000712400000|  0%| F|  |TAMS 0x0000000712300000, 0x0000000712300000| Untracked 
| 136|0x0000000712400000, 0x0000000712400000, 0x0000000712500000|  0%| F|  |TAMS 0x0000000712400000, 0x0000000712400000| Untracked 
| 137|0x0000000712500000, 0x0000000712500000, 0x0000000712600000|  0%| F|  |TAMS 0x0000000712500000, 0x0000000712500000| Untracked 
| 138|0x0000000712600000, 0x0000000712600000, 0x0000000712700000|  0%| F|  |TAMS 0x0000000712600000, 0x0000000712600000| Untracked 
| 139|0x0000000712700000, 0x0000000712700000, 0x0000000712800000|  0%| F|  |TAMS 0x0000000712700000, 0x0000000712700000| Untracked 
| 140|0x0000000712800000, 0x0000000712800000, 0x0000000712900000|  0%| F|  |TAMS 0x0000000712800000, 0x0000000712800000| Untracked 
| 141|0x0000000712900000, 0x0000000712900000, 0x0000000712a00000|  0%| F|  |TAMS 0x0000000712900000, 0x0000000712900000| Untracked 
| 142|0x0000000712a00000, 0x0000000712a00000, 0x0000000712b00000|  0%| F|  |TAMS 0x0000000712a00000, 0x0000000712a00000| Untracked 
| 143|0x0000000712b00000, 0x0000000712b00000, 0x0000000712c00000|  0%| F|  |TAMS 0x0000000712b00000, 0x0000000712b00000| Untracked 
| 144|0x0000000712c00000, 0x0000000712c00000, 0x0000000712d00000|  0%| F|  |TAMS 0x0000000712c00000, 0x0000000712c00000| Untracked 
| 145|0x0000000712d00000, 0x0000000712d00000, 0x0000000712e00000|  0%| F|  |TAMS 0x0000000712d00000, 0x0000000712d00000| Untracked 
| 146|0x0000000712e00000, 0x0000000712e00000, 0x0000000712f00000|  0%| F|  |TAMS 0x0000000712e00000, 0x0000000712e00000| Untracked 
| 147|0x0000000712f00000, 0x0000000712f00000, 0x0000000713000000|  0%| F|  |TAMS 0x0000000712f00000, 0x0000000712f00000| Untracked 
| 148|0x0000000713000000, 0x0000000713000000, 0x0000000713100000|  0%| F|  |TAMS 0x0000000713000000, 0x0000000713000000| Untracked 
| 149|0x0000000713100000, 0x0000000713100000, 0x0000000713200000|  0%| F|  |TAMS 0x0000000713100000, 0x0000000713100000| Untracked 
| 150|0x0000000713200000, 0x0000000713200000, 0x0000000713300000|  0%| F|  |TAMS 0x0000000713200000, 0x0000000713200000| Untracked 
| 151|0x0000000713300000, 0x0000000713300000, 0x0000000713400000|  0%| F|  |TAMS 0x0000000713300000, 0x0000000713300000| Untracked 
| 152|0x0000000713400000, 0x0000000713400000, 0x0000000713500000|  0%| F|  |TAMS 0x0000000713400000, 0x0000000713400000| Untracked 
| 153|0x0000000713500000, 0x0000000713500000, 0x0000000713600000|  0%| F|  |TAMS 0x0000000713500000, 0x0000000713500000| Untracked 
| 154|0x0000000713600000, 0x0000000713600000, 0x0000000713700000|  0%| F|  |TAMS 0x0000000713600000, 0x0000000713600000| Untracked 
| 155|0x0000000713700000, 0x0000000713700000, 0x0000000713800000|  0%| F|  |TAMS 0x0000000713700000, 0x0000000713700000| Untracked 
| 156|0x0000000713800000, 0x0000000713800000, 0x0000000713900000|  0%| F|  |TAMS 0x0000000713800000, 0x0000000713800000| Untracked 
| 157|0x0000000713900000, 0x0000000713900000, 0x0000000713a00000|  0%| F|  |TAMS 0x0000000713900000, 0x0000000713900000| Untracked 
| 158|0x0000000713a00000, 0x0000000713a00000, 0x0000000713b00000|  0%| F|  |TAMS 0x0000000713a00000, 0x0000000713a00000| Untracked 
| 159|0x0000000713b00000, 0x0000000713b00000, 0x0000000713c00000|  0%| F|  |TAMS 0x0000000713b00000, 0x0000000713b00000| Untracked 
| 160|0x0000000713c00000, 0x0000000713c00000, 0x0000000713d00000|  0%| F|  |TAMS 0x0000000713c00000, 0x0000000713c00000| Untracked 
| 161|0x0000000713d00000, 0x0000000713d00000, 0x0000000713e00000|  0%| F|  |TAMS 0x0000000713d00000, 0x0000000713d00000| Untracked 
| 162|0x0000000713e00000, 0x0000000713e00000, 0x0000000713f00000|  0%| F|  |TAMS 0x0000000713e00000, 0x0000000713e00000| Untracked 
| 163|0x0000000713f00000, 0x0000000713f00000, 0x0000000714000000|  0%| F|  |TAMS 0x0000000713f00000, 0x0000000713f00000| Untracked 
| 164|0x0000000714000000, 0x0000000714000000, 0x0000000714100000|  0%| F|  |TAMS 0x0000000714000000, 0x0000000714000000| Untracked 
| 165|0x0000000714100000, 0x0000000714100000, 0x0000000714200000|  0%| F|  |TAMS 0x0000000714100000, 0x0000000714100000| Untracked 
| 166|0x0000000714200000, 0x0000000714200000, 0x0000000714300000|  0%| F|  |TAMS 0x0000000714200000, 0x0000000714200000| Untracked 
| 167|0x0000000714300000, 0x0000000714300000, 0x0000000714400000|  0%| F|  |TAMS 0x0000000714300000, 0x0000000714300000| Untracked 
| 168|0x0000000714400000, 0x0000000714400000, 0x0000000714500000|  0%| F|  |TAMS 0x0000000714400000, 0x0000000714400000| Untracked 
| 169|0x0000000714500000, 0x0000000714500000, 0x0000000714600000|  0%| F|  |TAMS 0x0000000714500000, 0x0000000714500000| Untracked 
| 170|0x0000000714600000, 0x0000000714600000, 0x0000000714700000|  0%| F|  |TAMS 0x0000000714600000, 0x0000000714600000| Untracked 
| 171|0x0000000714700000, 0x0000000714700000, 0x0000000714800000|  0%| F|  |TAMS 0x0000000714700000, 0x0000000714700000| Untracked 
| 172|0x0000000714800000, 0x0000000714800000, 0x0000000714900000|  0%| F|  |TAMS 0x0000000714800000, 0x0000000714800000| Untracked 
| 173|0x0000000714900000, 0x0000000714900000, 0x0000000714a00000|  0%| F|  |TAMS 0x0000000714900000, 0x0000000714900000| Untracked 
| 174|0x0000000714a00000, 0x0000000714a00000, 0x0000000714b00000|  0%| F|  |TAMS 0x0000000714a00000, 0x0000000714a00000| Untracked 
| 175|0x0000000714b00000, 0x0000000714b00000, 0x0000000714c00000|  0%| F|  |TAMS 0x0000000714b00000, 0x0000000714b00000| Untracked 
| 176|0x0000000714c00000, 0x0000000714c00000, 0x0000000714d00000|  0%| F|  |TAMS 0x0000000714c00000, 0x0000000714c00000| Untracked 
| 177|0x0000000714d00000, 0x0000000714d00000, 0x0000000714e00000|  0%| F|  |TAMS 0x0000000714d00000, 0x0000000714d00000| Untracked 
| 178|0x0000000714e00000, 0x0000000714e00000, 0x0000000714f00000|  0%| F|  |TAMS 0x0000000714e00000, 0x0000000714e00000| Untracked 
| 179|0x0000000714f00000, 0x0000000714f00000, 0x0000000715000000|  0%| F|  |TAMS 0x0000000714f00000, 0x0000000714f00000| Untracked 
| 180|0x0000000715000000, 0x0000000715000000, 0x0000000715100000|  0%| F|  |TAMS 0x0000000715000000, 0x0000000715000000| Untracked 
| 181|0x0000000715100000, 0x0000000715100000, 0x0000000715200000|  0%| F|  |TAMS 0x0000000715100000, 0x0000000715100000| Untracked 
| 182|0x0000000715200000, 0x0000000715200000, 0x0000000715300000|  0%| F|  |TAMS 0x0000000715200000, 0x0000000715200000| Untracked 
| 183|0x0000000715300000, 0x0000000715300000, 0x0000000715400000|  0%| F|  |TAMS 0x0000000715300000, 0x0000000715300000| Untracked 
| 184|0x0000000715400000, 0x0000000715400000, 0x0000000715500000|  0%| F|  |TAMS 0x0000000715400000, 0x0000000715400000| Untracked 
| 185|0x0000000715500000, 0x0000000715500000, 0x0000000715600000|  0%| F|  |TAMS 0x0000000715500000, 0x0000000715500000| Untracked 
| 186|0x0000000715600000, 0x0000000715600000, 0x0000000715700000|  0%| F|  |TAMS 0x0000000715600000, 0x0000000715600000| Untracked 
| 187|0x0000000715700000, 0x0000000715700000, 0x0000000715800000|  0%| F|  |TAMS 0x0000000715700000, 0x0000000715700000| Untracked 
| 188|0x0000000715800000, 0x0000000715800000, 0x0000000715900000|  0%| F|  |TAMS 0x0000000715800000, 0x0000000715800000| Untracked 
| 189|0x0000000715900000, 0x0000000715900000, 0x0000000715a00000|  0%| F|  |TAMS 0x0000000715900000, 0x0000000715900000| Untracked 
| 190|0x0000000715a00000, 0x0000000715a00000, 0x0000000715b00000|  0%| F|  |TAMS 0x0000000715a00000, 0x0000000715a00000| Untracked 
| 191|0x0000000715b00000, 0x0000000715b00000, 0x0000000715c00000|  0%| F|  |TAMS 0x0000000715b00000, 0x0000000715b00000| Untracked 
| 192|0x0000000715c00000, 0x0000000715c00000, 0x0000000715d00000|  0%| F|  |TAMS 0x0000000715c00000, 0x0000000715c00000| Untracked 
| 193|0x0000000715d00000, 0x0000000715d00000, 0x0000000715e00000|  0%| F|  |TAMS 0x0000000715d00000, 0x0000000715d00000| Untracked 
| 194|0x0000000715e00000, 0x0000000715e00000, 0x0000000715f00000|  0%| F|  |TAMS 0x0000000715e00000, 0x0000000715e00000| Untracked 
| 195|0x0000000715f00000, 0x0000000715f00000, 0x0000000716000000|  0%| F|  |TAMS 0x0000000715f00000, 0x0000000715f00000| Untracked 
| 196|0x0000000716000000, 0x0000000716000000, 0x0000000716100000|  0%| F|  |TAMS 0x0000000716000000, 0x0000000716000000| Untracked 
| 197|0x0000000716100000, 0x0000000716100000, 0x0000000716200000|  0%| F|  |TAMS 0x0000000716100000, 0x0000000716100000| Untracked 
| 198|0x0000000716200000, 0x0000000716200000, 0x0000000716300000|  0%| F|  |TAMS 0x0000000716200000, 0x0000000716200000| Untracked 
| 199|0x0000000716300000, 0x0000000716300000, 0x0000000716400000|  0%| F|  |TAMS 0x0000000716300000, 0x0000000716300000| Untracked 
| 200|0x0000000716400000, 0x0000000716400000, 0x0000000716500000|  0%| F|  |TAMS 0x0000000716400000, 0x0000000716400000| Untracked 
| 201|0x0000000716500000, 0x0000000716500000, 0x0000000716600000|  0%| F|  |TAMS 0x0000000716500000, 0x0000000716500000| Untracked 
| 202|0x0000000716600000, 0x0000000716600000, 0x0000000716700000|  0%| F|  |TAMS 0x0000000716600000, 0x0000000716600000| Untracked 
| 203|0x0000000716700000, 0x0000000716700000, 0x0000000716800000|  0%| F|  |TAMS 0x0000000716700000, 0x0000000716700000| Untracked 
| 204|0x0000000716800000, 0x0000000716800000, 0x0000000716900000|  0%| F|  |TAMS 0x0000000716800000, 0x0000000716800000| Untracked 
| 205|0x0000000716900000, 0x0000000716900000, 0x0000000716a00000|  0%| F|  |TAMS 0x0000000716900000, 0x0000000716900000| Untracked 
| 206|0x0000000716a00000, 0x0000000716a00000, 0x0000000716b00000|  0%| F|  |TAMS 0x0000000716a00000, 0x0000000716a00000| Untracked 
| 207|0x0000000716b00000, 0x0000000716b00000, 0x0000000716c00000|  0%| F|  |TAMS 0x0000000716b00000, 0x0000000716b00000| Untracked 
| 208|0x0000000716c00000, 0x0000000716c00000, 0x0000000716d00000|  0%| F|  |TAMS 0x0000000716c00000, 0x0000000716c00000| Untracked 
| 209|0x0000000716d00000, 0x0000000716d00000, 0x0000000716e00000|  0%| F|  |TAMS 0x0000000716d00000, 0x0000000716d00000| Untracked 
| 210|0x0000000716e00000, 0x0000000716e00000, 0x0000000716f00000|  0%| F|  |TAMS 0x0000000716e00000, 0x0000000716e00000| Untracked 
| 211|0x0000000716f00000, 0x0000000716f00000, 0x0000000717000000|  0%| F|  |TAMS 0x0000000716f00000, 0x0000000716f00000| Untracked 
| 212|0x0000000717000000, 0x0000000717000000, 0x0000000717100000|  0%| F|  |TAMS 0x0000000717000000, 0x0000000717000000| Untracked 
| 213|0x0000000717100000, 0x0000000717100000, 0x0000000717200000|  0%| F|  |TAMS 0x0000000717100000, 0x0000000717100000| Untracked 
| 214|0x0000000717200000, 0x0000000717200000, 0x0000000717300000|  0%| F|  |TAMS 0x0000000717200000, 0x0000000717200000| Untracked 
| 215|0x0000000717300000, 0x0000000717300000, 0x0000000717400000|  0%| F|  |TAMS 0x0000000717300000, 0x0000000717300000| Untracked 
| 216|0x0000000717400000, 0x0000000717400000, 0x0000000717500000|  0%| F|  |TAMS 0x0000000717400000, 0x0000000717400000| Untracked 
| 217|0x0000000717500000, 0x0000000717500000, 0x0000000717600000|  0%| F|  |TAMS 0x0000000717500000, 0x0000000717500000| Untracked 
| 218|0x0000000717600000, 0x0000000717600000, 0x0000000717700000|  0%| F|  |TAMS 0x0000000717600000, 0x0000000717600000| Untracked 
| 219|0x0000000717700000, 0x0000000717700000, 0x0000000717800000|  0%| F|  |TAMS 0x0000000717700000, 0x0000000717700000| Untracked 
| 220|0x0000000717800000, 0x0000000717800000, 0x0000000717900000|  0%| F|  |TAMS 0x0000000717800000, 0x0000000717800000| Untracked 
| 221|0x0000000717900000, 0x0000000717900000, 0x0000000717a00000|  0%| F|  |TAMS 0x0000000717900000, 0x0000000717900000| Untracked 
| 222|0x0000000717a00000, 0x0000000717a00000, 0x0000000717b00000|  0%| F|  |TAMS 0x0000000717a00000, 0x0000000717a00000| Untracked 
| 223|0x0000000717b00000, 0x0000000717b00000, 0x0000000717c00000|  0%| F|  |TAMS 0x0000000717b00000, 0x0000000717b00000| Untracked 
| 224|0x0000000717c00000, 0x0000000717c00000, 0x0000000717d00000|  0%| F|  |TAMS 0x0000000717c00000, 0x0000000717c00000| Untracked 
| 225|0x0000000717d00000, 0x0000000717d00000, 0x0000000717e00000|  0%| F|  |TAMS 0x0000000717d00000, 0x0000000717d00000| Untracked 
| 226|0x0000000717e00000, 0x0000000717e00000, 0x0000000717f00000|  0%| F|  |TAMS 0x0000000717e00000, 0x0000000717e00000| Untracked 
| 227|0x0000000717f00000, 0x0000000717f00000, 0x0000000718000000|  0%| F|  |TAMS 0x0000000717f00000, 0x0000000717f00000| Untracked 
| 228|0x0000000718000000, 0x0000000718000000, 0x0000000718100000|  0%| F|  |TAMS 0x0000000718000000, 0x0000000718000000| Untracked 
| 229|0x0000000718100000, 0x0000000718100000, 0x0000000718200000|  0%| F|  |TAMS 0x0000000718100000, 0x0000000718100000| Untracked 
| 230|0x0000000718200000, 0x0000000718200000, 0x0000000718300000|  0%| F|  |TAMS 0x0000000718200000, 0x0000000718200000| Untracked 
| 231|0x0000000718300000, 0x0000000718300000, 0x0000000718400000|  0%| F|  |TAMS 0x0000000718300000, 0x0000000718300000| Untracked 
| 232|0x0000000718400000, 0x0000000718400000, 0x0000000718500000|  0%| F|  |TAMS 0x0000000718400000, 0x0000000718400000| Untracked 
| 233|0x0000000718500000, 0x0000000718500000, 0x0000000718600000|  0%| F|  |TAMS 0x0000000718500000, 0x0000000718500000| Untracked 
| 234|0x0000000718600000, 0x0000000718600000, 0x0000000718700000|  0%| F|  |TAMS 0x0000000718600000, 0x0000000718600000| Untracked 
| 235|0x0000000718700000, 0x0000000718700000, 0x0000000718800000|  0%| F|  |TAMS 0x0000000718700000, 0x0000000718700000| Untracked 
| 236|0x0000000718800000, 0x0000000718800000, 0x0000000718900000|  0%| F|  |TAMS 0x0000000718800000, 0x0000000718800000| Untracked 
| 237|0x0000000718900000, 0x0000000718900000, 0x0000000718a00000|  0%| F|  |TAMS 0x0000000718900000, 0x0000000718900000| Untracked 
| 238|0x0000000718a00000, 0x0000000718a00000, 0x0000000718b00000|  0%| F|  |TAMS 0x0000000718a00000, 0x0000000718a00000| Untracked 
| 239|0x0000000718b00000, 0x0000000718b00000, 0x0000000718c00000|  0%| F|  |TAMS 0x0000000718b00000, 0x0000000718b00000| Untracked 
| 240|0x0000000718c00000, 0x0000000718c00000, 0x0000000718d00000|  0%| F|  |TAMS 0x0000000718c00000, 0x0000000718c00000| Untracked 
| 241|0x0000000718d00000, 0x0000000718d00000, 0x0000000718e00000|  0%| F|  |TAMS 0x0000000718d00000, 0x0000000718d00000| Untracked 
| 242|0x0000000718e00000, 0x0000000718e00000, 0x0000000718f00000|  0%| F|  |TAMS 0x0000000718e00000, 0x0000000718e00000| Untracked 
| 243|0x0000000718f00000, 0x0000000718f00000, 0x0000000719000000|  0%| F|  |TAMS 0x0000000718f00000, 0x0000000718f00000| Untracked 
| 244|0x0000000719000000, 0x0000000719000000, 0x0000000719100000|  0%| F|  |TAMS 0x0000000719000000, 0x0000000719000000| Untracked 
| 245|0x0000000719100000, 0x0000000719100000, 0x0000000719200000|  0%| F|  |TAMS 0x0000000719100000, 0x0000000719100000| Untracked 
| 246|0x0000000719200000, 0x000000071927b660, 0x0000000719300000| 48%| E|  |TAMS 0x0000000719200000, 0x0000000719200000| Complete 
| 247|0x0000000719300000, 0x0000000719400000, 0x0000000719400000|100%| E|CS|TAMS 0x0000000719300000, 0x0000000719300000| Complete 

Card table byte_map: [0x00007f907ee9a000,0x00007f907f64c000] _byte_map_base: 0x00007f907b64c000

Marking Bits (Prev, Next): (CMBitMap*) 0x00007f909808bc28, (CMBitMap*) 0x00007f909808bc60
 Prev Bits: [0x00007f907a958000, 0x00007f907e6e8000)
 Next Bits: [0x00007f9076bc8000, 0x00007f907a958000)

Polling page: 0x00007f909dde0000

Metaspace:

Usage:
  Non-class:      4.00 MB capacity,     3.89 MB ( 97%) used,   115.77 KB (  3%) free+waste,    64 bytes ( <1%) overhead. 
      Class:    384.00 KB capacity,   379.27 KB ( 99%) used,     4.66 KB (  1%) free+waste,    64 bytes ( <1%) overhead. 
       Both:      4.38 MB capacity,     4.26 MB ( 97%) used,   120.43 KB (  3%) free+waste,   128 bytes ( <1%) overhead. 

Virtual space:
  Non-class space:        8.00 MB reserved,       4.00 MB ( 50%) committed 
      Class space:        1.00 GB reserved,     384.00 KB ( <1%) committed 
             Both:        1.01 GB reserved,       4.38 MB ( <1%) committed 

Chunk freelists:
   Non-Class:  0 bytes
       Class:  0 bytes
        Both:  0 bytes

MaxMetaspaceSize: unlimited
CompressedClassSpaceSize: 1.00 GB

CodeHeap 'non-profiled nmethods': size=120032Kb used=19Kb max_used=19Kb free=120013Kb
 bounds [0x00007f908c39e000, 0x00007f908c60e000, 0x00007f90938d6000]
CodeHeap 'profiled nmethods': size=120028Kb used=115Kb max_used=115Kb free=119912Kb
 bounds [0x00007f9084e67000, 0x00007f90850d7000, 0x00007f908c39e000]
CodeHeap 'non-nmethods': size=5700Kb used=1009Kb max_used=1009Kb free=4690Kb
 bounds [0x00007f90848d6000, 0x00007f9084b46000, 0x00007f9084e67000]
 total_blobs=419 nmethods=84 adapters=191
 compilation: enabled
              stopped_count=0, restarted_count=0
 full_count=0

Compilation events (20 events):
Event: 0.066 Thread 0x00007f909822a000 nmethod 74 0x00007f9084e81590 code [0x00007f9084e817a0, 0x00007f9084e81d48]
Event: 0.066 Thread 0x00007f909822a000   78       1       java.lang.module.ModuleDescriptor::isOpen (5 bytes)
Event: 0.066 Thread 0x00007f909822a000 nmethod 78 0x00007f908c3a1b90 code [0x00007f908c3a1d40, 0x00007f908c3a1e50]
Event: 0.066 Thread 0x00007f909822a000   79       3       java.util.AbstractMap::<init> (5 bytes)
Event: 0.066 Thread 0x00007f909822a000 nmethod 79 0x00007f9084e81f10 code [0x00007f9084e820c0, 0x00007f9084e82270]
Event: 0.066 Thread 0x00007f909822a000   80       1       java.lang.Module::getDescriptor (5 bytes)
Event: 0.066 Thread 0x00007f909822a000 nmethod 80 0x00007f908c3a1e90 code [0x00007f908c3a2040, 0x00007f908c3a2150]
Event: 0.067 Thread 0x00007f9098228000 nmethod 68 0x00007f908c3a2190 code [0x00007f908c3a2320, 0x00007f908c3a2558]
Event: 0.067 Thread 0x00007f9098228000   71       4       java.util.ImmutableCollections$SetN$SetNIterator::nextIndex (56 bytes)
Event: 0.067 Thread 0x00007f9098228000 nmethod 71 0x00007f908c3a2690 code [0x00007f908c3a2820, 0x00007f908c3a28b8]
Event: 0.067 Thread 0x00007f9098228000   75       4       java.util.HashMap::afterNodeInsertion (1 bytes)
Event: 0.067 Thread 0x00007f9098228000 nmethod 75 0x00007f908c3a2990 code [0x00007f908c3a2b20, 0x00007f908c3a2b78]
Event: 0.071 Thread 0x00007f909822a000   81       3       java.lang.String::hashCode (49 bytes)
Event: 0.071 Thread 0x00007f909822a000 nmethod 81 0x00007f9084e82310 code [0x00007f9084e82500, 0x00007f9084e82858]
Event: 0.091 Thread 0x00007f909822a000   82       3       java.util.zip.ZipUtils::SH (21 bytes)
Event: 0.091 Thread 0x00007f909822a000 nmethod 82 0x00007f9084e82990 code [0x00007f9084e82b40, 0x00007f9084e82cd0]
Event: 0.091 Thread 0x00007f909822a000   83       3       java.lang.CharacterData::of (120 bytes)
Event: 0.091 Thread 0x00007f909822a000 nmethod 83 0x00007f9084e82e10 code [0x00007f9084e83020, 0x00007f9084e837b0]
Event: 0.091 Thread 0x00007f909822a000   84       3       java.lang.CharacterDataLatin1::getProperties (11 bytes)
Event: 0.091 Thread 0x00007f909822a000 nmethod 84 0x00007f9084e83990 code [0x00007f9084e83b40, 0x00007f9084e83cd0]

GC Heap History (0 events):
No events

Deoptimization events (4 events):
Event: 0.071 Thread 0x00007f9098015000 Uncommon trap: trap_request=0xffffff4d fr.pc=0x00007f908c3a250c relative=0x00000000000001ec
Event: 0.071 Thread 0x00007f9098015000 Uncommon trap: reason=unstable_if action=reinterpret pc=0x00007f908c3a250c method=java.lang.String.hashCode()I @ 14 c2
Event: 0.071 Thread 0x00007f9098015000 DEOPT PACKING pc=0x00007f908c3a250c sp=0x00007f909c4b7200
Event: 0.071 Thread 0x00007f9098015000 DEOPT UNPACKING pc=0x00007f90848fe9a5 sp=0x00007f909c4b71b8 mode 2

Classes redefined (0 events):
No events

Internal exceptions (0 events):
No events

Events (20 events):
Event: 0.090 loading class java/nio/DirectLongBufferU
Event: 0.090 loading class java/nio/LongBuffer
Event: 0.090 loading class java/nio/LongBuffer done
Event: 0.090 loading class java/nio/DirectLongBufferU done
Event: 0.090 loading class jdk/internal/util/jar/JarIndex
Event: 0.090 loading class jdk/internal/util/jar/JarIndex done
Event: 0.090 loading class java/util/jar/JarFile$1
Event: 0.090 loading class java/util/jar/JarFile$1 done
Event: 0.090 loading class java/util/jar/JarFile$JarFileEntry
Event: 0.090 loading class java/util/jar/JarEntry
Event: 0.090 loading class java/util/zip/ZipEntry
Event: 0.090 loading class java/util/zip/ZipEntry done
Event: 0.090 loading class java/util/jar/JarEntry done
Event: 0.090 loading class java/util/jar/JarFile$JarFileEntry done
Event: 0.090 loading class java/util/zip/ZipFile$ZipFileInputStream
Event: 0.090 loading class java/util/zip/ZipFile$ZipFileInputStream done
Event: 0.091 loading class jdk/internal/loader/URLClassPath$JarLoader$2
Event: 0.091 loading class jdk/internal/loader/Resource
Event: 0.091 loading class jdk/internal/loader/Resource done
Event: 0.091 loading class jdk/internal/loader/URLClassPath$JarLoader$2 done


Dynamic libraries:
709c00000-719400000 rw-p 00000000 00:00 0 
719400000-800000000 ---p 00000000 00:00 0 
800000000-800060000 rw-p 00000000 00:00 0 
800060000-840000000 ---p 00000000 00:00 0 
55824499f000-5582449a0000 r-xp 00000000 103:02 9963640                   /opt/phpstorm/jbr/bin/java
558244ba0000-558244ba1000 r--p 00001000 103:02 9963640                   /opt/phpstorm/jbr/bin/java
558244ba1000-558244ba2000 rw-p 00002000 103:02 9963640                   /opt/phpstorm/jbr/bin/java
55824510a000-55824512b000 rw-p 00000000 00:00 0                          [heap]
7f9034000000-7f9034021000 rw-p 00000000 00:00 0 
7f9034021000-7f9038000000 ---p 00000000 00:00 0 
7f903c000000-7f903c021000 rw-p 00000000 00:00 0 
7f903c021000-7f9040000000 ---p 00000000 00:00 0 
7f9040000000-7f9040021000 rw-p 00000000 00:00 0 
7f9040021000-7f9044000000 ---p 00000000 00:00 0 
7f9044000000-7f904407f000 rw-p 00000000 00:00 0 
7f904407f000-7f9048000000 ---p 00000000 00:00 0 
7f9048000000-7f9048021000 rw-p 00000000 00:00 0 
7f9048021000-7f904c000000 ---p 00000000 00:00 0 
7f904c000000-7f904c021000 rw-p 00000000 00:00 0 
7f904c021000-7f9050000000 ---p 00000000 00:00 0 
7f9050000000-7f9050088000 rw-p 00000000 00:00 0 
7f9050088000-7f9054000000 ---p 00000000 00:00 0 
7f9054000000-7f9054021000 rw-p 00000000 00:00 0 
7f9054021000-7f9058000000 ---p 00000000 00:00 0 
7f9058000000-7f9058021000 rw-p 00000000 00:00 0 
7f9058021000-7f905c000000 ---p 00000000 00:00 0 
7f905c000000-7f905c021000 rw-p 00000000 00:00 0 
7f905c021000-7f9060000000 ---p 00000000 00:00 0 
7f9060000000-7f9060021000 rw-p 00000000 00:00 0 
7f9060021000-7f9064000000 ---p 00000000 00:00 0 
7f9064000000-7f9064021000 rw-p 00000000 00:00 0 
7f9064021000-7f9068000000 ---p 00000000 00:00 0 
7f9068000000-7f9068021000 rw-p 00000000 00:00 0 
7f9068021000-7f906c000000 ---p 00000000 00:00 0 
7f906d65b000-7f906d9e8000 rw-p 00000000 00:00 0 
7f906d9e8000-7f906d9fe000 r-xp 00000000 103:02 9963610                   /opt/phpstorm/jbr/lib/libnet.so
7f906d9fe000-7f906dbfd000 ---p 00016000 103:02 9963610                   /opt/phpstorm/jbr/lib/libnet.so
7f906dbfd000-7f906dbfe000 r--p 00015000 103:02 9963610                   /opt/phpstorm/jbr/lib/libnet.so
7f906dbfe000-7f906dbff000 rw-p 00016000 103:02 9963610                   /opt/phpstorm/jbr/lib/libnet.so
7f906dbff000-7f906dc0f000 r-xp 00000000 103:02 9963611                   /opt/phpstorm/jbr/lib/libnio.so
7f906dc0f000-7f906de0e000 ---p 00010000 103:02 9963611                   /opt/phpstorm/jbr/lib/libnio.so
7f906de0e000-7f906de0f000 r--p 0000f000 103:02 9963611                   /opt/phpstorm/jbr/lib/libnio.so
7f906de0f000-7f906de10000 rw-p 00010000 103:02 9963611                   /opt/phpstorm/jbr/lib/libnio.so
7f906de10000-7f906de14000 ---p 00000000 00:00 0 
7f906de14000-7f906df11000 rw-p 00000000 00:00 0 
7f906df11000-7f906df12000 ---p 00000000 00:00 0 
7f906df12000-7f906e013000 rw-p 00000000 00:00 0 
7f906e013000-7f906e017000 ---p 00000000 00:00 0 
7f906e017000-7f906e114000 rw-p 00000000 00:00 0 
7f906e114000-7f906e118000 ---p 00000000 00:00 0 
7f906e118000-7f906e215000 rw-p 00000000 00:00 0 
7f906e215000-7f906e219000 ---p 00000000 00:00 0 
7f906e219000-7f906e316000 rw-p 00000000 00:00 0 
7f906e316000-7f906e31a000 ---p 00000000 00:00 0 
7f906e31a000-7f906e417000 rw-p 00000000 00:00 0 
7f906e417000-7f906e41b000 ---p 00000000 00:00 0 
7f906e41b000-7f906e518000 rw-p 00000000 00:00 0 
7f906e518000-7f906f2f8000 r--p 00000000 103:02 30939324                  /usr/lib/locale/locale-archive
7f906f2f8000-7f906f2fc000 ---p 00000000 00:00 0 
7f906f2fc000-7f906f3f9000 rw-p 00000000 00:00 0 
7f906f3f9000-7f906f3fd000 ---p 00000000 00:00 0 
7f906f3fd000-7f906f4fa000 rw-p 00000000 00:00 0 
7f906f4fa000-7f906f4fb000 ---p 00000000 00:00 0 
7f906f4fb000-7f906f9fc000 rw-p 00000000 00:00 0 
7f906f9fc000-7f906fdfc000 ---p 00000000 00:00 0 
7f906fdfc000-7f906fdfd000 ---p 00000000 00:00 0 
7f906fdfd000-7f906fefe000 rw-p 00000000 00:00 0 
7f906fefe000-7f906feff000 ---p 00000000 00:00 0 
7f906feff000-7f9070000000 rw-p 00000000 00:00 0 
7f9070000000-7f9070021000 rw-p 00000000 00:00 0 
7f9070021000-7f9074000000 ---p 00000000 00:00 0 
7f90740be000-7f90768c6000 rw-p 00000000 00:00 0 
7f90768c6000-7f90768c7000 ---p 00000000 00:00 0 
7f90768c7000-7f90769c8000 rw-p 00000000 00:00 0 
7f90769c8000-7f90769c9000 ---p 00000000 00:00 0 
7f90769c9000-7f9076fa8000 rw-p 00000000 00:00 0 
7f9076fa8000-7f907a958000 ---p 00000000 00:00 0 
7f907a958000-7f907ad38000 rw-p 00000000 00:00 0 
7f907ad38000-7f907e6e8000 ---p 00000000 00:00 0 
7f907e6e8000-7f907e764000 rw-p 00000000 00:00 0 
7f907e764000-7f907ee9a000 ---p 00000000 00:00 0 
7f907ee9a000-7f907ef16000 rw-p 00000000 00:00 0 
7f907ef16000-7f907f64c000 ---p 00000000 00:00 0 
7f907f64c000-7f907f6c8000 rw-p 00000000 00:00 0 
7f907f6c8000-7f907fdfe000 ---p 00000000 00:00 0 
7f907fdfe000-7f9080000000 rw-p 00000000 00:00 0 
7f9080000000-7f9080021000 rw-p 00000000 00:00 0 
7f9080021000-7f9084000000 ---p 00000000 00:00 0 
7f9084007000-7f90846e9000 rw-p 00000000 00:00 0 
7f90846e9000-7f90846ea000 ---p 00000000 00:00 0 
7f90846ea000-7f90847f0000 rw-p 00000000 00:00 0 
7f90847f0000-7f90848d6000 ---p 00000000 00:00 0 
7f90848d6000-7f9084b46000 rwxp 00000000 00:00 0 
7f9084b46000-7f9084e67000 ---p 00000000 00:00 0 
7f9084e67000-7f90850d7000 rwxp 00000000 00:00 0 
7f90850d7000-7f908c39e000 ---p 00000000 00:00 0 
7f908c39e000-7f908c60e000 rwxp 00000000 00:00 0 
7f908c60e000-7f90938d6000 ---p 00000000 00:00 0 
7f90938d6000-7f90979af000 r--s 00000000 103:02 9963624                   /opt/phpstorm/jbr/lib/modules
7f90979af000-7f90979ca000 r-xp 00000000 103:02 9963602                   /opt/phpstorm/jbr/lib/libjimage.so
7f90979ca000-7f9097bca000 ---p 0001b000 103:02 9963602                   /opt/phpstorm/jbr/lib/libjimage.so
7f9097bca000-7f9097bcc000 r--p 0001b000 103:02 9963602                   /opt/phpstorm/jbr/lib/libjimage.so
7f9097bcc000-7f9097bcd000 rw-p 0001d000 103:02 9963602                   /opt/phpstorm/jbr/lib/libjimage.so
7f9097bcd000-7f9097bd4000 r-xp 00000000 103:02 9963623                   /opt/phpstorm/jbr/lib/libzip.so
7f9097bd4000-7f9097dd3000 ---p 00007000 103:02 9963623                   /opt/phpstorm/jbr/lib/libzip.so
7f9097dd3000-7f9097dd4000 r--p 00006000 103:02 9963623                   /opt/phpstorm/jbr/lib/libzip.so
7f9097dd4000-7f9097dd5000 rw-p 00007000 103:02 9963623                   /opt/phpstorm/jbr/lib/libzip.so
7f9097dd5000-7f9097dfe000 r-xp 00000000 103:02 9963592                   /opt/phpstorm/jbr/lib/libjava.so
7f9097dfe000-7f9097ffd000 ---p 00029000 103:02 9963592                   /opt/phpstorm/jbr/lib/libjava.so
7f9097ffd000-7f9097ffe000 r--p 00028000 103:02 9963592                   /opt/phpstorm/jbr/lib/libjava.so
7f9097ffe000-7f9098000000 rw-p 00029000 103:02 9963592                   /opt/phpstorm/jbr/lib/libjava.so
7f9098000000-7f90982ef000 rw-p 00000000 00:00 0 
7f90982ef000-7f909c000000 ---p 00000000 00:00 0 
7f909c005000-7f909c0a5000 rw-p 00000000 00:00 0 
7f909c0a5000-7f909c18b000 ---p 00000000 00:00 0 
7f909c18b000-7f909c190000 rw-p 00000000 00:00 0 
7f909c190000-7f909c197000 ---p 00000000 00:00 0 
7f909c197000-7f909c19f000 rw-s 00000000 103:02 26739220                  /tmp/hsperfdata_root/216062
7f909c19f000-7f909c1ac000 r-xp 00000000 103:02 9963622                   /opt/phpstorm/jbr/lib/libverify.so
7f909c1ac000-7f909c3ab000 ---p 0000d000 103:02 9963622                   /opt/phpstorm/jbr/lib/libverify.so
7f909c3ab000-7f909c3ad000 r--p 0000c000 103:02 9963622                   /opt/phpstorm/jbr/lib/libverify.so
7f909c3ad000-7f909c3ae000 rw-p 0000e000 103:02 9963622                   /opt/phpstorm/jbr/lib/libverify.so
7f909c3ae000-7f909c3b1000 r--p 00000000 103:02 30935202                  /usr/lib/x86_64-linux-gnu/librt-2.31.so
7f909c3b1000-7f909c3b5000 r-xp 00003000 103:02 30935202                  /usr/lib/x86_64-linux-gnu/librt-2.31.so
7f909c3b5000-7f909c3b6000 r--p 00007000 103:02 30935202                  /usr/lib/x86_64-linux-gnu/librt-2.31.so
7f909c3b6000-7f909c3b7000 ---p 00008000 103:02 30935202                  /usr/lib/x86_64-linux-gnu/librt-2.31.so
7f909c3b7000-7f909c3b8000 r--p 00008000 103:02 30935202                  /usr/lib/x86_64-linux-gnu/librt-2.31.so
7f909c3b8000-7f909c3b9000 rw-p 00009000 103:02 30935202                  /usr/lib/x86_64-linux-gnu/librt-2.31.so
7f909c3b9000-7f909c3bd000 ---p 00000000 00:00 0 
7f909c3bd000-7f909c4ba000 rw-p 00000000 00:00 0 
7f909c4ba000-7f909c4c9000 r--p 00000000 103:02 30935185                  /usr/lib/x86_64-linux-gnu/libm-2.31.so
7f909c4c9000-7f909c570000 r-xp 0000f000 103:02 30935185                  /usr/lib/x86_64-linux-gnu/libm-2.31.so
7f909c570000-7f909c607000 r--p 000b6000 103:02 30935185                  /usr/lib/x86_64-linux-gnu/libm-2.31.so
7f909c607000-7f909c608000 r--p 0014c000 103:02 30935185                  /usr/lib/x86_64-linux-gnu/libm-2.31.so
7f909c608000-7f909c609000 rw-p 0014d000 103:02 30935185                  /usr/lib/x86_64-linux-gnu/libm-2.31.so
7f909c609000-7f909d632000 r-xp 00000000 103:02 9963635                   /opt/phpstorm/jbr/lib/server/libjvm.so
7f909d632000-7f909d832000 ---p 01029000 103:02 9963635                   /opt/phpstorm/jbr/lib/server/libjvm.so
7f909d832000-7f909d8f1000 r--p 01029000 103:02 9963635                   /opt/phpstorm/jbr/lib/server/libjvm.so
7f909d8f1000-7f909d92b000 rw-p 010e8000 103:02 9963635                   /opt/phpstorm/jbr/lib/server/libjvm.so
7f909d92b000-7f909d983000 rw-p 00000000 00:00 0 
7f909d983000-7f909d9a8000 r--p 00000000 103:02 30935183                  /usr/lib/x86_64-linux-gnu/libc-2.31.so
7f909d9a8000-7f909db20000 r-xp 00025000 103:02 30935183                  /usr/lib/x86_64-linux-gnu/libc-2.31.so
7f909db20000-7f909db6a000 r--p 0019d000 103:02 30935183                  /usr/lib/x86_64-linux-gnu/libc-2.31.so
7f909db6a000-7f909db6b000 ---p 001e7000 103:02 30935183                  /usr/lib/x86_64-linux-gnu/libc-2.31.so
7f909db6b000-7f909db6e000 r--p 001e7000 103:02 30935183                  /usr/lib/x86_64-linux-gnu/libc-2.31.so
7f909db6e000-7f909db71000 rw-p 001ea000 103:02 30935183                  /usr/lib/x86_64-linux-gnu/libc-2.31.so
7f909db71000-7f909db75000 rw-p 00000000 00:00 0 
7f909db75000-7f909db76000 r--p 00000000 103:02 30935184                  /usr/lib/x86_64-linux-gnu/libdl-2.31.so
7f909db76000-7f909db78000 r-xp 00001000 103:02 30935184                  /usr/lib/x86_64-linux-gnu/libdl-2.31.so
7f909db78000-7f909db79000 r--p 00003000 103:02 30935184                  /usr/lib/x86_64-linux-gnu/libdl-2.31.so
7f909db79000-7f909db7a000 r--p 00003000 103:02 30935184                  /usr/lib/x86_64-linux-gnu/libdl-2.31.so
7f909db7a000-7f909db7b000 rw-p 00004000 103:02 30935184                  /usr/lib/x86_64-linux-gnu/libdl-2.31.so
7f909db7b000-7f909db8a000 r-xp 00000000 103:02 9963570                   /opt/phpstorm/jbr/lib/jli/libjli.so
7f909db8a000-7f909dd89000 ---p 0000f000 103:02 9963570                   /opt/phpstorm/jbr/lib/jli/libjli.so
7f909dd89000-7f909dd8a000 r--p 0000e000 103:02 9963570                   /opt/phpstorm/jbr/lib/jli/libjli.so
7f909dd8a000-7f909dd8b000 rw-p 0000f000 103:02 9963570                   /opt/phpstorm/jbr/lib/jli/libjli.so
7f909dd8b000-7f909dd92000 r--p 00000000 103:02 30935200                  /usr/lib/x86_64-linux-gnu/libpthread-2.31.so
7f909dd92000-7f909dda3000 r-xp 00007000 103:02 30935200                  /usr/lib/x86_64-linux-gnu/libpthread-2.31.so
7f909dda3000-7f909dda8000 r--p 00018000 103:02 30935200                  /usr/lib/x86_64-linux-gnu/libpthread-2.31.so
7f909dda8000-7f909dda9000 r--p 0001c000 103:02 30935200                  /usr/lib/x86_64-linux-gnu/libpthread-2.31.so
7f909dda9000-7f909ddaa000 rw-p 0001d000 103:02 30935200                  /usr/lib/x86_64-linux-gnu/libpthread-2.31.so
7f909ddaa000-7f909ddae000 rw-p 00000000 00:00 0 
7f909ddae000-7f909ddb0000 r--p 00000000 103:02 30941533                  /usr/lib/x86_64-linux-gnu/libz.so.1.2.11
7f909ddb0000-7f909ddc1000 r-xp 00002000 103:02 30941533                  /usr/lib/x86_64-linux-gnu/libz.so.1.2.11
7f909ddc1000-7f909ddc7000 r--p 00013000 103:02 30941533                  /usr/lib/x86_64-linux-gnu/libz.so.1.2.11
7f909ddc7000-7f909ddc8000 ---p 00019000 103:02 30941533                  /usr/lib/x86_64-linux-gnu/libz.so.1.2.11
7f909ddc8000-7f909ddc9000 r--p 00019000 103:02 30941533                  /usr/lib/x86_64-linux-gnu/libz.so.1.2.11
7f909ddc9000-7f909ddca000 rw-p 0001a000 103:02 30941533                  /usr/lib/x86_64-linux-gnu/libz.so.1.2.11
7f909ddca000-7f909ddcc000 rw-p 00000000 00:00 0 
7f909ddcc000-7f909ddcf000 r--p 00000000 103:02 30935191                  /usr/lib/x86_64-linux-gnu/libnss_files-2.31.so
7f909ddcf000-7f909ddd6000 r-xp 00003000 103:02 30935191                  /usr/lib/x86_64-linux-gnu/libnss_files-2.31.so
7f909ddd6000-7f909ddd8000 r--p 0000a000 103:02 30935191                  /usr/lib/x86_64-linux-gnu/libnss_files-2.31.so
7f909ddd8000-7f909ddd9000 r--p 0000b000 103:02 30935191                  /usr/lib/x86_64-linux-gnu/libnss_files-2.31.so
7f909ddd9000-7f909ddda000 rw-p 0000c000 103:02 30935191                  /usr/lib/x86_64-linux-gnu/libnss_files-2.31.so
7f909ddda000-7f909dde0000 rw-p 00000000 00:00 0 
7f909dde0000-7f909dde1000 ---p 00000000 00:00 0 
7f909dde1000-7f909dde2000 r--p 00000000 00:00 0 
7f909dde2000-7f909dde3000 r--p 00000000 103:02 30935179                  /usr/lib/x86_64-linux-gnu/ld-2.31.so
7f909dde3000-7f909de06000 r-xp 00001000 103:02 30935179                  /usr/lib/x86_64-linux-gnu/ld-2.31.so
7f909de06000-7f909de0e000 r--p 00024000 103:02 30935179                  /usr/lib/x86_64-linux-gnu/ld-2.31.so
7f909de0f000-7f909de10000 r--p 0002c000 103:02 30935179                  /usr/lib/x86_64-linux-gnu/ld-2.31.so
7f909de10000-7f909de11000 rw-p 0002d000 103:02 30935179                  /usr/lib/x86_64-linux-gnu/ld-2.31.so
7f909de11000-7f909de12000 rw-p 00000000 00:00 0 
7ffee7a34000-7ffee7a55000 rw-p 00000000 00:00 0                          [stack]
7ffee7b9f000-7ffee7ba2000 r--p 00000000 00:00 0                          [vvar]
7ffee7ba2000-7ffee7ba3000 r-xp 00000000 00:00 0                          [vdso]
ffffffffff600000-ffffffffff601000 --xp 00000000 00:00 0                  [vsyscall]


VM Arguments:
java_command: org.jetbrains.git4idea.nativessh.GitNativeSshAskPassApp Enter passphrase for key '/root/.ssh/id_rsa': 
java_class_path (initial): /opt/phpstorm/plugins/git4idea/lib/git4idea-rt.jar:/opt/phpstorm/lib/xmlrpc-2.0.1.jar:/opt/phpstorm/lib/commons-codec-1.14.jar:/opt/phpstorm/lib/util.jar
Launcher Type: SUN_STANDARD

[Global flags]
     intx CICompilerCount                          = 4                                         {product} {ergonomic}
     uint ConcGCThreads                            = 2                                         {product} {ergonomic}
     uint G1ConcRefinementThreads                  = 8                                         {product} {ergonomic}
   size_t G1HeapRegionSize                         = 1048576                                   {product} {ergonomic}
    uintx GCDrainStackTargetSize                   = 64                                        {product} {ergonomic}
   size_t InitialHeapSize                          = 260046848                                 {product} {ergonomic}
   size_t MarkStackSize                            = 4194304                                   {product} {ergonomic}
   size_t MaxHeapSize                              = 4131389440                                {product} {ergonomic}
   size_t MaxNewSize                               = 2478833664                                {product} {ergonomic}
   size_t MinHeapDeltaBytes                        = 1048576                                   {product} {ergonomic}
    uintx NonNMethodCodeHeapSize                   = 5836300                                {pd product} {ergonomic}
    uintx NonProfiledCodeHeapSize                  = 122910970                              {pd product} {ergonomic}
    uintx ProfiledCodeHeapSize                     = 122910970                              {pd product} {ergonomic}
    uintx ReservedCodeCacheSize                    = 251658240                              {pd product} {ergonomic}
     bool SegmentedCodeCache                       = true                                      {product} {ergonomic}
     bool UseCompressedClassPointers               = true                                 {lp64_product} {ergonomic}
     bool UseCompressedOops                        = true                                 {lp64_product} {ergonomic}
     bool UseG1GC                                  = true                                      {product} {ergonomic}

Logging:
Log output configuration:
 #0: stdout all=warning uptime,level,tags
 #1: stderr all=off uptime,level,tags

Environment Variables:
PATH=/usr/lib/git-core:/root/.nvm/versions/node/v10.17.0/bin:/usr/local/sbin:/usr/local/bin:/usr/sbin:/usr/bin:/sbin:/bin:/usr/games:/usr/local/games
SHELL=/usr/bin/zsh
DISPLAY=:0

Signal Handlers:
SIGSEGV: [libjvm.so+0xd67370], sa_mask[0]=11111111011111111101111111111110, sa_flags=SA_RESTART|SA_SIGINFO
SIGBUS: [libjvm.so+0xd67370], sa_mask[0]=11111111011111111101111111111110, sa_flags=SA_RESTART|SA_SIGINFO
SIGFPE: [libjvm.so+0xd67370], sa_mask[0]=11111111011111111101111111111110, sa_flags=SA_RESTART|SA_SIGINFO
SIGPIPE: [libjvm.so+0xb6b340], sa_mask[0]=11111111011111111101111111111110, sa_flags=SA_RESTART|SA_SIGINFO
SIGXFSZ: [libjvm.so+0xb6b340], sa_mask[0]=11111111011111111101111111111110, sa_flags=SA_RESTART|SA_SIGINFO
SIGILL: [libjvm.so+0xd67370], sa_mask[0]=11111111011111111101111111111110, sa_flags=SA_RESTART|SA_SIGINFO
SIGUSR2: [libjvm.so+0xb6b1d0], sa_mask[0]=00100000000000000000000000000000, sa_flags=SA_RESTART|SA_SIGINFO
SIGHUP: [libjvm.so+0xb6b6a0], sa_mask[0]=11111111011111111101111111111110, sa_flags=SA_RESTART|SA_SIGINFO
SIGINT: [libjvm.so+0xb6b6a0], sa_mask[0]=11111111011111111101111111111110, sa_flags=SA_RESTART|SA_SIGINFO
SIGTERM: [libjvm.so+0xb6b6a0], sa_mask[0]=11111111011111111101111111111110, sa_flags=SA_RESTART|SA_SIGINFO
SIGQUIT: [libjvm.so+0xb6b6a0], sa_mask[0]=11111111011111111101111111111110, sa_flags=SA_RESTART|SA_SIGINFO


---------------  S Y S T E M  ---------------

OS:DISTRIB_ID=Ubuntu
DISTRIB_RELEASE=20.04
DISTRIB_CODENAME=focal
DISTRIB_DESCRIPTION="Ubuntu 20.04.1 LTS"
uname:Linux 5.4.0-58-generic #64-Ubuntu SMP Wed Dec 9 08:16:25 UTC 2020 x86_64
OS uptime: 0 days 6:19 hours
libc:glibc 2.31 NPTL 2.31 
rlimit: STACK 8192k, CORE 0k, NPROC 62799, NOFILE 1048576, AS infinity, CPU infinity, DATA infinity, FSIZE infinity
load average:3.95 4.58 4.05

/proc/meminfo:
MemTotal:       16133604 kB
MemFree:         4016544 kB
MemAvailable:    9233100 kB
Buffers:          505104 kB
Cached:          5825164 kB
SwapCached:            0 kB
Active:          7320772 kB
Inactive:        3440892 kB
Active(anon):    5098172 kB
Inactive(anon):   416528 kB
Active(file):    2222600 kB
Inactive(file):  3024364 kB
Unevictable:      665320 kB
Mlocked:             132 kB
SwapTotal:       2097148 kB
SwapFree:        2097148 kB
Dirty:               228 kB
Writeback:             0 kB
AnonPages:       5096616 kB
Mapped:          1208852 kB
Shmem:           1127176 kB
KReclaimable:     309916 kB
Slab:             504820 kB
SReclaimable:     309916 kB
SUnreclaim:       194904 kB
KernelStack:       19732 kB
PageTables:        59108 kB
NFS_Unstable:          0 kB
Bounce:                0 kB
WritebackTmp:          0 kB
CommitLimit:    10163948 kB
Committed_AS:   15592864 kB
VmallocTotal:   34359738367 kB
VmallocUsed:       38284 kB
VmallocChunk:          0 kB
Percpu:             5920 kB
HardwareCorrupted:     0 kB
AnonHugePages:     12288 kB
ShmemHugePages:        0 kB
ShmemPmdMapped:        0 kB
FileHugePages:         0 kB
FilePmdMapped:         0 kB
CmaTotal:              0 kB
CmaFree:               0 kB
HugePages_Total:       0
HugePages_Free:        0
HugePages_Rsvd:        0
HugePages_Surp:        0
Hugepagesize:       2048 kB
Hugetlb:               0 kB
DirectMap4k:      514940 kB
DirectMap2M:    15996928 kB
DirectMap1G:           0 kB


/proc/sys/kernel/threads-max (system-wide limit on the number of threads):
125599


/proc/sys/vm/max_map_count (maximum number of memory map areas a process may have):
65530


/proc/sys/kernel/pid_max (system-wide limit on number of process identifiers):
4194304



container (cgroup) information:
container_type: cgroupv1
cpu_cpuset_cpus: 0-7
cpu_memory_nodes: 0
active_processor_count: 8
cpu_quota: -1
cpu_period: 100000
cpu_shares: -1
memory_limit_in_bytes: -1
memory_and_swap_limit_in_bytes: -2
memory_soft_limit_in_bytes: -1
memory_usage_in_bytes: 8803803136
memory_max_usage_in_bytes: 11052101632

Steal ticks since vm start: 0
Steal ticks percentage since vm start:  0.000

CPU:total 8 (initial active 8) (4 cores per cpu, 2 threads per core) family 6 model 142 stepping 12, cmov, cx8, fxsr, mmx, sse, sse2, sse3, ssse3, sse4.1, sse4.2, popcnt, avx, avx2, aes, clmul, erms, 3dnowpref, lzcnt, ht, tsc, tscinvbit, bmi1, bmi2, adx, fma
CPU Model and flags from /proc/cpuinfo:
model name	: Intel(R) Core(TM) i5-10210U CPU @ 1.60GHz
flags		: fpu vme de pse tsc msr pae mce cx8 apic sep mtrr pge mca cmov pat pse36 clflush dts acpi mmx fxsr sse sse2 ss ht tm pbe syscall nx pdpe1gb rdtscp lm constant_tsc art arch_perfmon pebs bts rep_good nopl xtopology nonstop_tsc cpuid aperfmperf pni pclmulqdq dtes64 monitor ds_cpl vmx est tm2 ssse3 sdbg fma cx16 xtpr pdcm pcid sse4_1 sse4_2 x2apic movbe popcnt tsc_deadline_timer aes xsave avx f16c rdrand lahf_lm abm 3dnowprefetch cpuid_fault epb invpcid_single ssbd ibrs ibpb stibp ibrs_enhanced tpr_shadow vnmi flexpriority ept vpid ept_ad fsgsbase tsc_adjust bmi1 avx2 smep bmi2 erms invpcid mpx rdseed adx smap clflushopt intel_pt xsaveopt xsavec xgetbv1 xsaves dtherm ida arat pln pts hwp hwp_notify hwp_act_window hwp_epp md_clear flush_l1d arch_capabilities

Memory: 4k page, physical 16133604k(4016544k free), swap 2097148k(2097148k free)

vm_info: OpenJDK 64-Bit Server VM (11.0.7+10-b765.64) for linux-amd64 JRE (11.0.7+10-b765.64), built on Jun 22 2020 11:54:52 by "" with gcc 8.3.1 20190311 (Red Hat 8.3.1-3)

END.
